<?xml version="1.0" encoding="UTF-8"?>
<testsuite xmlns:xsi="http://www.w3.org/2001/XMLSchema-instance" xsi:noNamespaceSchemaLocation="https://maven.apache.org/surefire/maven-surefire-plugin/xsd/surefire-test-report.xsd" name="com.learn.remoteCall.EvectionProcessDeployTest" time="9.625" tests="3" errors="3" skipped="0" failures="0">
  <properties>
[...]
</properties>
  <testcase name="findPersonTaskList" classname="com.learn.remoteCall.EvectionProcessDeployTest" time="2.988">
    <error message="UNAVAILABLE: io exception" type="io.grpc.StatusRuntimeException">io.grpc.StatusRuntimeException: UNAVAILABLE: io exception
	at com.learn.remoteCall.EvectionProcessDeployTest.findPersonTaskList(EvectionProcessDeployTest.java:28)
Caused by: io.grpc.netty.shaded.io.netty.channel.AbstractChannel$AnnotatedConnectException: Connection refused: no further information: localhost/127.0.0.1:9090
Caused by: java.net.ConnectException: Connection refused: no further information
</error>
    <system-out><![CDATA[16:23:18.815 [main] DEBUG org.springframework.test.context.junit4.SpringJUnit4ClassRunner - SpringJUnit4ClassRunner constructor called with [class com.learn.remoteCall.EvectionProcessDeployTest]
16:23:18.819 [main] DEBUG org.springframework.test.context.BootstrapUtils - Instantiating CacheAwareContextLoaderDelegate from class [org.springframework.test.context.cache.DefaultCacheAwareContextLoaderDelegate]
16:23:18.829 [main] DEBUG org.springframework.test.context.BootstrapUtils - Instantiating BootstrapContext using constructor [public org.springframework.test.context.support.DefaultBootstrapContext(java.lang.Class,org.springframework.test.context.CacheAwareContextLoaderDelegate)]
16:23:18.866 [main] DEBUG org.springframework.test.context.BootstrapUtils - Instantiating TestContextBootstrapper for test class [com.learn.remoteCall.EvectionProcessDeployTest] from class [org.springframework.boot.test.context.SpringBootTestContextBootstrapper]
16:23:18.881 [main] INFO org.springframework.boot.test.context.SpringBootTestContextBootstrapper - Neither @ContextConfiguration nor @ContextHierarchy found for test class [com.learn.remoteCall.EvectionProcessDeployTest], using SpringBootContextLoader
16:23:18.885 [main] DEBUG org.springframework.test.context.support.AbstractContextLoader - Did not detect default resource location for test class [com.learn.remoteCall.EvectionProcessDeployTest]: class path resource [com/learn/remoteCall/EvectionProcessDeployTest-context.xml] does not exist
16:23:18.886 [main] DEBUG org.springframework.test.context.support.AbstractContextLoader - Did not detect default resource location for test class [com.learn.remoteCall.EvectionProcessDeployTest]: class path resource [com/learn/remoteCall/EvectionProcessDeployTestContext.groovy] does not exist
16:23:18.886 [main] INFO org.springframework.test.context.support.AbstractContextLoader - Could not detect default resource locations for test class [com.learn.remoteCall.EvectionProcessDeployTest]: no resource found for suffixes {-context.xml, Context.groovy}.
16:23:18.887 [main] INFO org.springframework.test.context.support.AnnotationConfigContextLoaderUtils - Could not detect default configuration classes for test class [com.learn.remoteCall.EvectionProcessDeployTest]: EvectionProcessDeployTest does not declare any static, non-private, non-final, nested classes annotated with @Configuration.
16:23:18.923 [main] DEBUG org.springframework.test.context.support.ActiveProfilesUtils - Could not find an 'annotation declaring class' for annotation type [org.springframework.test.context.ActiveProfiles] and class [com.learn.remoteCall.EvectionProcessDeployTest]
16:23:19.020 [main] DEBUG org.springframework.context.annotation.ClassPathScanningCandidateComponentProvider - Identified candidate component class: file [D:\grpc-activiti-springboot-demo\local-client\target\classes\com\ClientApplication.class]
16:23:19.022 [main] INFO org.springframework.boot.test.context.SpringBootTestContextBootstrapper - Found @SpringBootConfiguration com.ClientApplication for test class com.learn.remoteCall.EvectionProcessDeployTest
16:23:19.126 [main] DEBUG org.springframework.boot.test.context.SpringBootTestContextBootstrapper - @TestExecutionListeners is not present for class [com.learn.remoteCall.EvectionProcessDeployTest]: using defaults.
16:23:19.126 [main] INFO org.springframework.boot.test.context.SpringBootTestContextBootstrapper - Loaded default TestExecutionListener class names from location [META-INF/spring.factories]: [org.springframework.boot.test.mock.mockito.MockitoTestExecutionListener, org.springframework.boot.test.mock.mockito.ResetMocksTestExecutionListener, org.springframework.boot.test.autoconfigure.restdocs.RestDocsTestExecutionListener, org.springframework.boot.test.autoconfigure.web.client.MockRestServiceServerResetTestExecutionListener, org.springframework.boot.test.autoconfigure.web.servlet.MockMvcPrintOnlyOnFailureTestExecutionListener, org.springframework.boot.test.autoconfigure.web.servlet.WebDriverTestExecutionListener, org.springframework.test.context.web.ServletTestExecutionListener, org.springframework.test.context.support.DirtiesContextBeforeModesTestExecutionListener, org.springframework.test.context.support.DependencyInjectionTestExecutionListener, org.springframework.test.context.support.DirtiesContextTestExecutionListener, org.springframework.test.context.transaction.TransactionalTestExecutionListener, org.springframework.test.context.jdbc.SqlScriptsTestExecutionListener, org.springframework.test.context.event.EventPublishingTestExecutionListener]
16:23:19.138 [main] DEBUG org.springframework.boot.test.context.SpringBootTestContextBootstrapper - Skipping candidate TestExecutionListener [org.springframework.test.context.transaction.TransactionalTestExecutionListener] due to a missing dependency. Specify custom listener classes or make the default listener classes and their required dependencies available. Offending class: [org/springframework/transaction/interceptor/TransactionAttributeSource]
16:23:19.139 [main] DEBUG org.springframework.boot.test.context.SpringBootTestContextBootstrapper - Skipping candidate TestExecutionListener [org.springframework.test.context.jdbc.SqlScriptsTestExecutionListener] due to a missing dependency. Specify custom listener classes or make the default listener classes and their required dependencies available. Offending class: [org/springframework/transaction/interceptor/TransactionAttribute]
16:23:19.139 [main] INFO org.springframework.boot.test.context.SpringBootTestContextBootstrapper - Using TestExecutionListeners: [org.springframework.test.context.web.ServletTestExecutionListener@6631f5ca, org.springframework.test.context.support.DirtiesContextBeforeModesTestExecutionListener@5ace1ed4, org.springframework.boot.test.mock.mockito.MockitoTestExecutionListener@1613674b, org.springframework.boot.test.autoconfigure.SpringBootDependencyInjectionTestExecutionListener@27ff5d15, org.springframework.test.context.support.DirtiesContextTestExecutionListener@4e096385, org.springframework.test.context.event.EventPublishingTestExecutionListener@649bec2e, org.springframework.boot.test.mock.mockito.ResetMocksTestExecutionListener@693fe6c9, org.springframework.boot.test.autoconfigure.restdocs.RestDocsTestExecutionListener@34f5090e, org.springframework.boot.test.autoconfigure.web.client.MockRestServiceServerResetTestExecutionListener@31e5415e, org.springframework.boot.test.autoconfigure.web.servlet.MockMvcPrintOnlyOnFailureTestExecutionListener@a2431d0, org.springframework.boot.test.autoconfigure.web.servlet.WebDriverTestExecutionListener@1cbb87f3]
16:23:19.144 [main] DEBUG org.springframework.test.annotation.ProfileValueUtils - Retrieved @ProfileValueSourceConfiguration [null] for test class [com.learn.remoteCall.EvectionProcessDeployTest]
16:23:19.145 [main] DEBUG org.springframework.test.annotation.ProfileValueUtils - Retrieved ProfileValueSource type [class org.springframework.test.annotation.SystemProfileValueSource] for class [com.learn.remoteCall.EvectionProcessDeployTest]
16:23:19.173 [main] DEBUG org.springframework.test.context.junit4.SpringJUnit4ClassRunner - SpringJUnit4ClassRunner constructor called with [class com.learn.remoteCall.EvectionProcessDeployTest]
16:23:19.174 [main] DEBUG org.springframework.test.context.BootstrapUtils - Instantiating CacheAwareContextLoaderDelegate from class [org.springframework.test.context.cache.DefaultCacheAwareContextLoaderDelegate]
16:23:19.174 [main] DEBUG org.springframework.test.context.BootstrapUtils - Instantiating BootstrapContext using constructor [public org.springframework.test.context.support.DefaultBootstrapContext(java.lang.Class,org.springframework.test.context.CacheAwareContextLoaderDelegate)]
16:23:19.174 [main] DEBUG org.springframework.test.context.BootstrapUtils - Instantiating TestContextBootstrapper for test class [com.learn.remoteCall.EvectionProcessDeployTest] from class [org.springframework.boot.test.context.SpringBootTestContextBootstrapper]
16:23:19.176 [main] INFO org.springframework.boot.test.context.SpringBootTestContextBootstrapper - Neither @ContextConfiguration nor @ContextHierarchy found for test class [com.learn.remoteCall.EvectionProcessDeployTest], using SpringBootContextLoader
16:23:19.177 [main] DEBUG org.springframework.test.context.support.AbstractContextLoader - Did not detect default resource location for test class [com.learn.remoteCall.EvectionProcessDeployTest]: class path resource [com/learn/remoteCall/EvectionProcessDeployTest-context.xml] does not exist
16:23:19.177 [main] DEBUG org.springframework.test.context.support.AbstractContextLoader - Did not detect default resource location for test class [com.learn.remoteCall.EvectionProcessDeployTest]: class path resource [com/learn/remoteCall/EvectionProcessDeployTestContext.groovy] does not exist
16:23:19.177 [main] INFO org.springframework.test.context.support.AbstractContextLoader - Could not detect default resource locations for test class [com.learn.remoteCall.EvectionProcessDeployTest]: no resource found for suffixes {-context.xml, Context.groovy}.
16:23:19.178 [main] INFO org.springframework.test.context.support.AnnotationConfigContextLoaderUtils - Could not detect default configuration classes for test class [com.learn.remoteCall.EvectionProcessDeployTest]: EvectionProcessDeployTest does not declare any static, non-private, non-final, nested classes annotated with @Configuration.
16:23:19.180 [main] DEBUG org.springframework.test.context.support.ActiveProfilesUtils - Could not find an 'annotation declaring class' for annotation type [org.springframework.test.context.ActiveProfiles] and class [com.learn.remoteCall.EvectionProcessDeployTest]
16:23:19.181 [main] INFO org.springframework.boot.test.context.SpringBootTestContextBootstrapper - Found @SpringBootConfiguration com.ClientApplication for test class com.learn.remoteCall.EvectionProcessDeployTest
16:23:19.183 [main] DEBUG org.springframework.boot.test.context.SpringBootTestContextBootstrapper - @TestExecutionListeners is not present for class [com.learn.remoteCall.EvectionProcessDeployTest]: using defaults.
16:23:19.183 [main] INFO org.springframework.boot.test.context.SpringBootTestContextBootstrapper - Loaded default TestExecutionListener class names from location [META-INF/spring.factories]: [org.springframework.boot.test.mock.mockito.MockitoTestExecutionListener, org.springframework.boot.test.mock.mockito.ResetMocksTestExecutionListener, org.springframework.boot.test.autoconfigure.restdocs.RestDocsTestExecutionListener, org.springframework.boot.test.autoconfigure.web.client.MockRestServiceServerResetTestExecutionListener, org.springframework.boot.test.autoconfigure.web.servlet.MockMvcPrintOnlyOnFailureTestExecutionListener, org.springframework.boot.test.autoconfigure.web.servlet.WebDriverTestExecutionListener, org.springframework.test.context.web.ServletTestExecutionListener, org.springframework.test.context.support.DirtiesContextBeforeModesTestExecutionListener, org.springframework.test.context.support.DependencyInjectionTestExecutionListener, org.springframework.test.context.support.DirtiesContextTestExecutionListener, org.springframework.test.context.transaction.TransactionalTestExecutionListener, org.springframework.test.context.jdbc.SqlScriptsTestExecutionListener, org.springframework.test.context.event.EventPublishingTestExecutionListener]
16:23:19.184 [main] DEBUG org.springframework.boot.test.context.SpringBootTestContextBootstrapper - Skipping candidate TestExecutionListener [org.springframework.test.context.transaction.TransactionalTestExecutionListener] due to a missing dependency. Specify custom listener classes or make the default listener classes and their required dependencies available. Offending class: [org/springframework/transaction/interceptor/TransactionAttributeSource]
16:23:19.185 [main] DEBUG org.springframework.boot.test.context.SpringBootTestContextBootstrapper - Skipping candidate TestExecutionListener [org.springframework.test.context.jdbc.SqlScriptsTestExecutionListener] due to a missing dependency. Specify custom listener classes or make the default listener classes and their required dependencies available. Offending class: [org/springframework/transaction/interceptor/TransactionAttribute]
16:23:19.185 [main] INFO org.springframework.boot.test.context.SpringBootTestContextBootstrapper - Using TestExecutionListeners: [org.springframework.test.context.web.ServletTestExecutionListener@58d75e99, org.springframework.test.context.support.DirtiesContextBeforeModesTestExecutionListener@74751b3, org.springframework.boot.test.mock.mockito.MockitoTestExecutionListener@741a8937, org.springframework.boot.test.autoconfigure.SpringBootDependencyInjectionTestExecutionListener@306e95ec, org.springframework.test.context.support.DirtiesContextTestExecutionListener@52af26ee, org.springframework.test.context.event.EventPublishingTestExecutionListener@6fd83fc1, org.springframework.boot.test.mock.mockito.ResetMocksTestExecutionListener@4f2b503c, org.springframework.boot.test.autoconfigure.restdocs.RestDocsTestExecutionListener@bae7dc0, org.springframework.boot.test.autoconfigure.web.client.MockRestServiceServerResetTestExecutionListener@209da20d, org.springframework.boot.test.autoconfigure.web.servlet.MockMvcPrintOnlyOnFailureTestExecutionListener@e15b7e8, org.springframework.boot.test.autoconfigure.web.servlet.WebDriverTestExecutionListener@1b2abca6]
16:23:19.185 [main] DEBUG org.springframework.test.annotation.ProfileValueUtils - Retrieved @ProfileValueSourceConfiguration [null] for test class [com.learn.remoteCall.EvectionProcessDeployTest]
16:23:19.186 [main] DEBUG org.springframework.test.annotation.ProfileValueUtils - Retrieved ProfileValueSource type [class org.springframework.test.annotation.SystemProfileValueSource] for class [com.learn.remoteCall.EvectionProcessDeployTest]
16:23:19.243 [main] DEBUG org.springframework.test.annotation.ProfileValueUtils - Retrieved @ProfileValueSourceConfiguration [null] for test class [com.learn.remoteCall.EvectionProcessDeployTest]
16:23:19.243 [main] DEBUG org.springframework.test.annotation.ProfileValueUtils - Retrieved ProfileValueSource type [class org.springframework.test.annotation.SystemProfileValueSource] for class [com.learn.remoteCall.EvectionProcessDeployTest]
16:23:19.246 [main] DEBUG org.springframework.test.annotation.ProfileValueUtils - Retrieved @ProfileValueSourceConfiguration [null] for test class [com.learn.remoteCall.EvectionProcessDeployTest]
16:23:19.246 [main] DEBUG org.springframework.test.annotation.ProfileValueUtils - Retrieved ProfileValueSource type [class org.springframework.test.annotation.SystemProfileValueSource] for class [com.learn.remoteCall.EvectionProcessDeployTest]
16:23:19.247 [main] DEBUG org.springframework.test.annotation.ProfileValueUtils - Retrieved @ProfileValueSourceConfiguration [null] for test class [com.learn.remoteCall.EvectionProcessDeployTest]
16:23:19.247 [main] DEBUG org.springframework.test.annotation.ProfileValueUtils - Retrieved ProfileValueSource type [class org.springframework.test.annotation.SystemProfileValueSource] for class [com.learn.remoteCall.EvectionProcessDeployTest]
16:23:19.251 [main] DEBUG org.springframework.test.context.support.AbstractDirtiesContextTestExecutionListener - Before test class: context [DefaultTestContext@268f106e testClass = EvectionProcessDeployTest, testInstance = [null], testMethod = [null], testException = [null], mergedContextConfiguration = [WebMergedContextConfiguration@6e9a5ed8 testClass = EvectionProcessDeployTest, locations = '{}', classes = '{class com.ClientApplication}', contextInitializerClasses = '[]', activeProfiles = '{}', propertySourceLocations = '{}', propertySourceProperties = '{org.springframework.boot.test.context.SpringBootTestContextBootstrapper=true}', contextCustomizers = set[org.springframework.boot.test.context.filter.ExcludeFilterContextCustomizer@13acb0d1, org.springframework.boot.test.json.DuplicateJsonObjectContextCustomizerFactory$DuplicateJsonObjectContextCustomizer@2b6856dd, org.springframework.boot.test.mock.mockito.MockitoContextCustomizer@0, org.springframework.boot.test.web.client.TestRestTemplateContextCustomizer@290d210d, org.springframework.boot.test.autoconfigure.properties.PropertyMappingContextCustomizer@0, org.springframework.boot.test.autoconfigure.web.servlet.WebDriverContextCustomizerFactory$Customizer@23529fee, org.springframework.boot.test.context.SpringBootTestArgs@1], resourceBasePath = 'src/main/webapp', contextLoader = 'org.springframework.boot.test.context.SpringBootContextLoader', parent = [null]], attributes = map['org.springframework.test.context.web.ServletTestExecutionListener.activateListener' -> true]], class annotated with @DirtiesContext [false] with mode [null].
16:23:19.253 [main] DEBUG org.springframework.test.annotation.ProfileValueUtils - Retrieved @ProfileValueSourceConfiguration [null] for test class [com.learn.remoteCall.EvectionProcessDeployTest]
16:23:19.254 [main] DEBUG org.springframework.test.annotation.ProfileValueUtils - Retrieved ProfileValueSource type [class org.springframework.test.annotation.SystemProfileValueSource] for class [com.learn.remoteCall.EvectionProcessDeployTest]
16:23:19.275 [main] DEBUG org.springframework.test.context.support.TestPropertySourceUtils - Adding inlined properties to environment: {spring.jmx.enabled=false, org.springframework.boot.test.context.SpringBootTestContextBootstrapper=true, server.port=-1}

  .   ____          _            __ _ _
 /\\ / ___'_ __ _ _(_)_ __  __ _ \ \ \ \
( ( )\___ | '_ | '_| | '_ \/ _` | \ \ \ \
 \\/  ___)| |_)| | | | | || (_| |  ) ) ) )
  '  |____| .__|_| |_|_| |_\__, | / / / /
 =========|_|==============|___/=/_/_/_/
 :: Spring Boot ::        (v2.2.9.RELEASE)

2021-09-17 16:23:19.623  INFO 16912 --- [           main] c.l.r.EvectionProcessDeployTest          : Starting EvectionProcessDeployTest on LAPTOP-7OLFPI1L with PID 16912 (started by lc in D:\grpc-activiti-springboot-demo\local-client)
2021-09-17 16:23:19.624  INFO 16912 --- [           main] c.l.r.EvectionProcessDeployTest          : No active profile set, falling back to default profiles: default
2021-09-17 16:23:21.368  INFO 16912 --- [           main] o.s.s.concurrent.ThreadPoolTaskExecutor  : Initializing ExecutorService 'applicationTaskExecutor'
2021-09-17 16:23:21.787  INFO 16912 --- [           main] c.l.r.EvectionProcessDeployTest          : Started EvectionProcessDeployTest in 2.502 seconds (JVM running for 3.652)
]]></system-out>
  </testcase>
  <testcase name="getEvectionProDeployResult" classname="com.learn.remoteCall.EvectionProcessDeployTest" time="2.026">
    <error message="UNAVAILABLE: io exception" type="io.grpc.StatusRuntimeException">io.grpc.StatusRuntimeException: UNAVAILABLE: io exception
	at com.learn.remoteCall.EvectionProcessDeployTest.getEvectionProDeployResult(EvectionProcessDeployTest.java:18)
Caused by: io.grpc.netty.shaded.io.netty.channel.AbstractChannel$AnnotatedConnectException: Connection refused: no further information: localhost/127.0.0.1:9090
Caused by: java.net.ConnectException: Connection refused: no further information
</error>
  </testcase>
  <testcase name="getEvectionProStratRes" classname="com.learn.remoteCall.EvectionProcessDeployTest" time="2.033">
    <error message="UNAVAILABLE: io exception" type="io.grpc.StatusRuntimeException">io.grpc.StatusRuntimeException: UNAVAILABLE: io exception
	at com.learn.remoteCall.EvectionProcessDeployTest.getEvectionProStratRes(EvectionProcessDeployTest.java:23)
Caused by: io.grpc.netty.shaded.io.netty.channel.AbstractChannel$AnnotatedConnectException: Connection refused: no further information: localhost/127.0.0.1:9090
Caused by: java.net.ConnectException: Connection refused: no further information
</error>
  </testcase>
</testsuite>